Using pre-set license
Built from '2021.3/staging' branch; Version is '2021.3.5f1 (40eb3a945986) revision 4254522'; Using compiler version '192829333'; Build Type 'Release'
OS: 'Windows 10  (10.0.19044) 64bit Professional' Language: 'en' Physical Memory: 32709 MB
BatchMode: 1, IsHumanControllingUs: 0, StartBugReporterOnCrash: 0, Is64bit: 1, IsPro: 1

COMMAND LINE ARGUMENTS:
C:\Program Files\Unity\2021.3.5f1\Editor\Unity.exe
-adb2
-batchMode
-noUpm
-name
AssetImportWorker0
-projectPath
C:/Users/Maintenance/Documents/College work/4715C/teamproject1/SLB
-logFile
Logs/AssetImportWorker0.log
-srvPort
58129
Successfully changed project path to: C:/Users/Maintenance/Documents/College work/4715C/teamproject1/SLB
C:/Users/Maintenance/Documents/College work/4715C/teamproject1/SLB
[UnityMemory] Configuration Parameters - Can be set up in boot.config
    "memorysetup-bucket-allocator-granularity=16"
    "memorysetup-bucket-allocator-bucket-count=8"
    "memorysetup-bucket-allocator-block-size=33554432"
    "memorysetup-bucket-allocator-block-count=8"
    "memorysetup-main-allocator-block-size=16777216"
    "memorysetup-thread-allocator-block-size=16777216"
    "memorysetup-gfx-main-allocator-block-size=16777216"
    "memorysetup-gfx-thread-allocator-block-size=16777216"
    "memorysetup-cache-allocator-block-size=4194304"
    "memorysetup-typetree-allocator-block-size=2097152"
    "memorysetup-profiler-bucket-allocator-granularity=16"
    "memorysetup-profiler-bucket-allocator-bucket-count=8"
    "memorysetup-profiler-bucket-allocator-block-size=33554432"
    "memorysetup-profiler-bucket-allocator-block-count=8"
    "memorysetup-profiler-allocator-block-size=16777216"
    "memorysetup-profiler-editor-allocator-block-size=1048576"
    "memorysetup-temp-allocator-size-main=16777216"
    "memorysetup-job-temp-allocator-block-size=2097152"
    "memorysetup-job-temp-allocator-block-size-background=1048576"
    "memorysetup-job-temp-allocator-reduction-small-platforms=262144"
    "memorysetup-temp-allocator-size-background-worker=32768"
    "memorysetup-temp-allocator-size-job-worker=262144"
    "memorysetup-temp-allocator-size-preload-manager=33554432"
    "memorysetup-temp-allocator-size-nav-mesh-worker=65536"
    "memorysetup-temp-allocator-size-audio-worker=65536"
    "memorysetup-temp-allocator-size-cloud-worker=32768"
    "memorysetup-temp-allocator-size-gi-baking-worker=262144"
    "memorysetup-temp-allocator-size-gfx=262144"
Unable to join player connection multicast group.
Refreshing native plugins compatible for Editor in 112.81 ms, found 4 plugins.
Preloading 0 native plugins for Editor in 0.00 ms.
Initialize engine version: 2021.3.5f1 (40eb3a945986)
[Subsystems] Discovering subsystems at path C:/Program Files/Unity/2021.3.5f1/Editor/Data/Resources/UnitySubsystems
[Subsystems] Discovering subsystems at path C:/Users/Maintenance/Documents/College work/4715C/teamproject1/SLB/Assets
GfxDevice: creating device client; threaded=0; jobified=0
Direct3D:
    Version:  Direct3D 11.0 [level 11.1]
    Renderer: NVIDIA GeForce GTX 1080 (ID=0x1b80)
    Vendor:   NVIDIA
    VRAM:     8079 MB
    Driver:   31.0.15.1694
Initialize mono
Mono path[0] = 'C:/Program Files/Unity/2021.3.5f1/Editor/Data/Managed'
Mono path[1] = 'C:/Program Files/Unity/2021.3.5f1/Editor/Data/MonoBleedingEdge/lib/mono/unityjit-win32'
Mono config path = 'C:/Program Files/Unity/2021.3.5f1/Editor/Data/MonoBleedingEdge/etc'
Using monoOptions --debugger-agent=transport=dt_socket,embedding=1,server=y,suspend=n,address=127.0.0.1:56432
Begin MonoManager ReloadAssembly
Registering precompiled unity dll's ...
Register platform support module: C:/Program Files/Unity/2021.3.5f1/Editor/Data/PlaybackEngines/WebGLSupport/UnityEditor.WebGL.Extensions.dll
Register platform support module: C:/Program Files/Unity/2021.3.5f1/Editor/Data/PlaybackEngines/MacStandaloneSupport/UnityEditor.OSXStandalone.Extensions.dll
Register platform support module: C:/Program Files/Unity/2021.3.5f1/Editor/Data/PlaybackEngines/AndroidPlayer/UnityEditor.Android.Extensions.dll
Register platform support module: C:/Program Files/Unity/2021.3.5f1/Editor/Data/PlaybackEngines/iOSSupport/UnityEditor.iOS.Extensions.dll
Register platform support module: C:/Program Files/Unity/2021.3.5f1/Editor/Data/PlaybackEngines/WindowsStandaloneSupport/UnityEditor.WindowsStandalone.Extensions.dll
Register platform support module: C:/Program Files/Unity/2021.3.5f1/Editor/Data/PlaybackEngines/LinuxStandaloneSupport/UnityEditor.LinuxStandalone.Extensions.dll
Register platform support module: C:/Program Files/Unity/2021.3.5f1/Editor/Data/PlaybackEngines/MetroSupport/UnityEditor.UWP.Extensions.dll
Registered in 0.015477 seconds.
Native extension for UWP target not found
Native extension for LinuxStandalone target not found
Native extension for WindowsStandalone target not found
[usbmuxd] Start listen thread
[usbmuxd] Listen thread started
Native extension for iOS target not found
Native extension for Android target not found
Native extension for OSXStandalone target not found
Native extension for WebGL target not found
Refreshing native plugins compatible for Editor in 111.53 ms, found 4 plugins.
Preloading 0 native plugins for Editor in 0.00 ms.
Mono: successfully reloaded assembly
- Completed reload, in  0.873 seconds
Domain Reload Profiling:
	ReloadAssembly (874ms)
		BeginReloadAssembly (98ms)
			ExecutionOrderSort (0ms)
			DisableScriptedObjects (0ms)
			BackupInstance (0ms)
			ReleaseScriptingObjects (0ms)
			CreateAndSetChildDomain (1ms)
		EndReloadAssembly (634ms)
			LoadAssemblies (97ms)
			RebuildTransferFunctionScriptingTraits (0ms)
			SetupTypeCache (154ms)
			ReleaseScriptCaches (0ms)
			RebuildScriptCaches (34ms)
			SetupLoadedEditorAssemblies (380ms)
				LogAssemblyErrors (0ms)
				InitializePlatformSupportModulesInManaged (86ms)
				SetLoadedEditorAssemblies (0ms)
				RefreshPlugins (112ms)
				BeforeProcessingInitializeOnLoad (1ms)
				ProcessInitializeOnLoadAttributes (116ms)
				ProcessInitializeOnLoadMethodAttributes (64ms)
				AfterProcessingInitializeOnLoad (0ms)
				EditorAssembliesLoaded (0ms)
			ExecutionOrderSort2 (0ms)
			AwakeInstancesAfterBackupRestoration (0ms)
Platform modules already initialized, skipping
Registering precompiled user dll's ...
Registered in 0.010805 seconds.
Begin MonoManager ReloadAssembly
Symbol file LoadedFromMemory doesn't match image C:\Users\Maintenance\Documents\College work\4715C\teamproject1\SLB\Library\PackageCache\com.unity.visualscripting@1.7.8\Editor\VisualScripting.Core\Dependencies\YamlDotNet\Unity.VisualScripting.YamlDotNet.dll
Symbol file LoadedFromMemory doesn't match image C:\Users\Maintenance\Documents\College work\4715C\teamproject1\SLB\Library\PackageCache\com.unity.visualscripting@1.7.8\Editor\VisualScripting.Core\Dependencies\DotNetZip\Unity.VisualScripting.IonicZip.dll
Native extension for UWP target not found
Native extension for LinuxStandalone target not found
Native extension for WindowsStandalone target not found
Native extension for iOS target not found
Native extension for Android target not found
Native extension for OSXStandalone target not found
Native extension for WebGL target not found
Refreshing native plugins compatible for Editor in 129.58 ms, found 4 plugins.
Preloading 0 native plugins for Editor in 0.00 ms.
Mono: successfully reloaded assembly
- Completed reload, in  1.672 seconds
Domain Reload Profiling:
	ReloadAssembly (1673ms)
		BeginReloadAssembly (231ms)
			ExecutionOrderSort (0ms)
			DisableScriptedObjects (6ms)
			BackupInstance (0ms)
			ReleaseScriptingObjects (0ms)
			CreateAndSetChildDomain (122ms)
		EndReloadAssembly (1298ms)
			LoadAssemblies (111ms)
			RebuildTransferFunctionScriptingTraits (0ms)
			SetupTypeCache (339ms)
			ReleaseScriptCaches (1ms)
			RebuildScriptCaches (74ms)
			SetupLoadedEditorAssemblies (692ms)
				LogAssemblyErrors (0ms)
				InitializePlatformSupportModulesInManaged (48ms)
				SetLoadedEditorAssemblies (0ms)
				RefreshPlugins (130ms)
				BeforeProcessingInitializeOnLoad (125ms)
				ProcessInitializeOnLoadAttributes (315ms)
				ProcessInitializeOnLoadMethodAttributes (63ms)
				AfterProcessingInitializeOnLoad (11ms)
				EditorAssembliesLoaded (0ms)
			ExecutionOrderSort2 (0ms)
			AwakeInstancesAfterBackupRestoration (8ms)
Platform modules already initialized, skipping
========================================================================
Worker process is ready to serve import requests
Launched and connected shader compiler UnityShaderCompiler.exe after 0.05 seconds
Refreshing native plugins compatible for Editor in 1.04 ms, found 4 plugins.
Preloading 0 native plugins for Editor in 0.00 ms.
Unloading 4086 Unused Serialized files (Serialized files now loaded: 0)
Unloading 44 unused Assets / (222.6 KB). Loaded Objects now: 4539.
Memory consumption went from 153.9 MB to 153.7 MB.
Total: 3.943500 ms (FindLiveObjects: 0.360700 ms CreateObjectMapping: 0.291500 ms MarkObjects: 3.116600 ms  DeleteObjects: 0.172700 ms)

AssetImportParameters requested are different than current active one (requested -> active):
  custom:video-decoder-ogg-theora: a1e56fd34408186e4bbccfd4996cb3dc -> 
  custom:container-muxer-webm: aa71ff27fc2769a1b78a27578f13a17b -> 
  custom:container-demuxer-webm: 4f35f7cbe854078d1ac9338744f61a02 -> 
  custom:video-encoder-webm-vp8: eb34c28f22e8b96e1ab97ce403110664 -> 
  custom:audio-encoder-webm-vorbis: bf7c407c2cedff20999df2af8eb42d56 -> 
  custom:framework-win-MediaFoundation: 216162199b28c13a410421893ffa2e32 -> 
  custom:container-demuxer-ogg: 62fdf1f143b41e24485cea50d1cbac27 -> 
  custom:video-decoder-webm-vp8: 9c59270c3fd7afecdb556c50c9e8de78 -> 
  custom:audio-decoder-ogg-vorbis: bf7c407c2cedff20999df2af8eb42d56 -> 
========================================================================
Received Import Request.
  Time since last request: 2464521.194438 seconds.
  path: Assets/Prefabs/Coins.prefab
  artifactKey: Guid(c08793d6f9ca72c4faa9738adf1dc928) Importer(815301076,1909f56bfc062723c751e8b465ee728b)
Start importing Assets/Prefabs/Coins.prefab using Guid(c08793d6f9ca72c4faa9738adf1dc928) Importer(815301076,1909f56bfc062723c751e8b465ee728b)  -> (artifact id: '63dea63409967ebaa453eaea86590c06') in 0.146288 seconds 
========================================================================
Received Import Request.
  Time since last request: 0.000029 seconds.
  path: Assets/Prefabs/Pipe.prefab
  artifactKey: Guid(dbfcb8d13e129834fb6920e115e11d48) Importer(815301076,1909f56bfc062723c751e8b465ee728b)
Start importing Assets/Prefabs/Pipe.prefab using Guid(dbfcb8d13e129834fb6920e115e11d48) Importer(815301076,1909f56bfc062723c751e8b465ee728b)  -> (artifact id: '03b64ac1914a2b1058f143b7770809b6') in 0.020350 seconds 
========================================================================
Received Import Request.
  Time since last request: 0.745259 seconds.
  path: Assets/Prefabs/Power_block.prefab
  artifactKey: Guid(5ab39935f1b2ac1469b1d854632075fd) Importer(815301076,1909f56bfc062723c751e8b465ee728b)
Start importing Assets/Prefabs/Power_block.prefab using Guid(5ab39935f1b2ac1469b1d854632075fd) Importer(815301076,1909f56bfc062723c751e8b465ee728b)  -> (artifact id: '6ae3157fb1b11225b01b3b08712eaf74') in 0.014085 seconds 
========================================================================
Received Import Request.
  Time since last request: 2.195238 seconds.
  path: Assets/Prefabs/Bloc.prefab
  artifactKey: Guid(df0b854e80f8c1b43911e75f7ee62026) Importer(815301076,1909f56bfc062723c751e8b465ee728b)
Start importing Assets/Prefabs/Bloc.prefab using Guid(df0b854e80f8c1b43911e75f7ee62026) Importer(815301076,1909f56bfc062723c751e8b465ee728b)  -> (artifact id: 'bd35d8b2abbb69419330ddaee0c8c4d6') in 0.013741 seconds 
========================================================================
Received Import Request.
  Time since last request: 12.839693 seconds.
  path: Assets/Prefabs/Game_Canvas.prefab
  artifactKey: Guid(90390d1c5c0717d498c145a500b7e11d) Importer(815301076,1909f56bfc062723c751e8b465ee728b)
Start importing Assets/Prefabs/Game_Canvas.prefab using Guid(90390d1c5c0717d498c145a500b7e11d) Importer(815301076,1909f56bfc062723c751e8b465ee728b)  -> (artifact id: 'cb969e427ffd3d5d33c69cd89e3897f4') in 0.066514 seconds 
========================================================================
Received Import Request.
  Time since last request: 1.297904 seconds.
  path: Assets/Prefabs/ReadME.txt
  artifactKey: Guid(8ebec21956b1b774d85d845bf16b0407) Importer(815301076,1909f56bfc062723c751e8b465ee728b)
Start importing Assets/Prefabs/ReadME.txt using Guid(8ebec21956b1b774d85d845bf16b0407) Importer(815301076,1909f56bfc062723c751e8b465ee728b)  -> (artifact id: '0ff66f15e5609c38082ed35ba6422525') in 0.011076 seconds 
========================================================================
Received Import Request.
  Time since last request: 297.430063 seconds.
  path: Assets/Prefabs/Axe.prefab
  artifactKey: Guid(3b38165d0ea154d4d9c1822d4cecce8d) Importer(815301076,1909f56bfc062723c751e8b465ee728b)
Start importing Assets/Prefabs/Axe.prefab using Guid(3b38165d0ea154d4d9c1822d4cecce8d) Importer(815301076,1909f56bfc062723c751e8b465ee728b)  -> (artifact id: '7607683cff07c6d2b2729bcb2bde86bf') in 0.019962 seconds 
========================================================================
Received Import Request.
  Time since last request: 0.000031 seconds.
  path: Assets/Prefabs/Lava.prefab
  artifactKey: Guid(44d7f1a3bf3198e49b0040a1a9f37646) Importer(815301076,1909f56bfc062723c751e8b465ee728b)
Start importing Assets/Prefabs/Lava.prefab using Guid(44d7f1a3bf3198e49b0040a1a9f37646) Importer(815301076,1909f56bfc062723c751e8b465ee728b)  -> (artifact id: 'bbe1e7b4ce42d4b6730ff8d44ea7574d') in 0.023988 seconds 
========================================================================
Received Import Request.
  Time since last request: 24.238618 seconds.
  path: Assets/Prefabs/Fire traps.prefab
  artifactKey: Guid(e78460cde9145df4e9802e417b1293b1) Importer(815301076,1909f56bfc062723c751e8b465ee728b)
Start importing Assets/Prefabs/Fire traps.prefab using Guid(e78460cde9145df4e9802e417b1293b1) Importer(815301076,1909f56bfc062723c751e8b465ee728b) The Animator Controller (Fire traps) you have used is not valid. Animations will not play
UnityEngine.StackTraceUtility:ExtractStackTrace ()
UnityEditor.EditorUtility:Internal_InstantiateRemoveAllNonAnimationComponentsSingle (UnityEngine.Object,UnityEngine.Vector3,UnityEngine.Quaternion)
UnityEditor.EditorUtility:InstantiateRemoveAllNonAnimationComponents (UnityEngine.Object,UnityEngine.Vector3,UnityEngine.Quaternion)
UnityEditor.EditorUtility:InstantiateForAnimatorPreview (UnityEngine.Object)
UnityEditor.GameObjectInspector/PreviewData:UpdateGameObject (UnityEngine.Object)
UnityEditor.GameObjectInspector/PreviewData:.ctor (UnityEngine.Object)
UnityEditor.GameObjectInspector:GetPreviewData ()
UnityEditor.GameObjectInspector:RenderStaticPreview (string,UnityEngine.Object[],int,int)
UnityEditor.AssetPreviewUpdater:CreatePreview (UnityEngine.Object,UnityEngine.Object[],string,int,int)
UnityEditor.AssetPreviewUpdater:CreatePreviewForAsset (UnityEngine.Object,UnityEngine.Object[],string)

[C:\buildslave\unity\build\Modules\Animation\Director\AnimatorControllerPlayable.cpp line 333]

The Animator Controller (Fire traps) you have used is not valid. Animations will not play
UnityEngine.StackTraceUtility:ExtractStackTrace ()
UnityEditor.EditorUtility:InitInstantiatedPreviewRecursive (UnityEngine.GameObject)
UnityEditor.EditorUtility:InstantiateForAnimatorPreview (UnityEngine.Object)
UnityEditor.GameObjectInspector/PreviewData:UpdateGameObject (UnityEngine.Object)
UnityEditor.GameObjectInspector/PreviewData:.ctor (UnityEngine.Object)
UnityEditor.GameObjectInspector:GetPreviewData ()
UnityEditor.GameObjectInspector:RenderStaticPreview (string,UnityEngine.Object[],int,int)
UnityEditor.AssetPreviewUpdater:CreatePreview (UnityEngine.Object,UnityEngine.Object[],string,int,int)
UnityEditor.AssetPreviewUpdater:CreatePreviewForAsset (UnityEngine.Object,UnityEngine.Object[],string)

[C:\buildslave\unity\build\Modules\Animation\Director\AnimatorControllerPlayable.cpp line 333]

 -> (artifact id: 'cd6facd4f3794a71064a22321aa65428') in 0.014143 seconds 
========================================================================
Received Import Request.
  Time since last request: 20.675359 seconds.
  path: Assets/Art/Animation/Fire traps.controller
  artifactKey: Guid(fb5a8a11e6ecd694eb7c12e99dc21fbb) Importer(815301076,1909f56bfc062723c751e8b465ee728b)
Start importing Assets/Art/Animation/Fire traps.controller using Guid(fb5a8a11e6ecd694eb7c12e99dc21fbb) Importer(815301076,1909f56bfc062723c751e8b465ee728b)  -> (artifact id: 'cdf7edbd429a637c199d0b7fd5882532') in 0.005246 seconds 
========================================================================
Received Import Request.
  Time since last request: 1.477796 seconds.
  path: Assets/Art/Animation/firetrap.anim
  artifactKey: Guid(714a4b74e9a1cc84c94d908cc2d9c0c3) Importer(815301076,1909f56bfc062723c751e8b465ee728b)
Start importing Assets/Art/Animation/firetrap.anim using Guid(714a4b74e9a1cc84c94d908cc2d9c0c3) Importer(815301076,1909f56bfc062723c751e8b465ee728b)  -> (artifact id: '804d8ae07bcff48e7691d8f22de61de6') in 0.009197 seconds 
========================================================================
Received Import Request.
  Time since last request: 9.443889 seconds.
  path: Assets/Art/Animation/firetrap_anim.anim
  artifactKey: Guid(714a4b74e9a1cc84c94d908cc2d9c0c3) Importer(815301076,1909f56bfc062723c751e8b465ee728b)
Start importing Assets/Art/Animation/firetrap_anim.anim using Guid(714a4b74e9a1cc84c94d908cc2d9c0c3) Importer(815301076,1909f56bfc062723c751e8b465ee728b)  -> (artifact id: 'a6f1ef9ae60b63f8f7819f75dc279592') in 0.008200 seconds 
========================================================================
Received Import Request.
  Time since last request: 12.900911 seconds.
  path: Assets/Art/Animation/FireTrape_Cont.controller
  artifactKey: Guid(fb5a8a11e6ecd694eb7c12e99dc21fbb) Importer(815301076,1909f56bfc062723c751e8b465ee728b)
Start importing Assets/Art/Animation/FireTrape_Cont.controller using Guid(fb5a8a11e6ecd694eb7c12e99dc21fbb) Importer(815301076,1909f56bfc062723c751e8b465ee728b)  -> (artifact id: '9d152dc731380cddab45c78e1cc12e39') in 0.007498 seconds 
========================================================================
Received Import Request.
  Time since last request: 794.840070 seconds.
  path: Assets/Prefabs/Fire traps.prefab
  artifactKey: Guid(e78460cde9145df4e9802e417b1293b1) Importer(815301076,1909f56bfc062723c751e8b465ee728b)
Start importing Assets/Prefabs/Fire traps.prefab using Guid(e78460cde9145df4e9802e417b1293b1) Importer(815301076,1909f56bfc062723c751e8b465ee728b)  -> (artifact id: '5acba3c9e51ac3a947ed69aa718c1fcb') in 0.015397 seconds 
========================================================================
Received Import Request.
  Time since last request: 47.470081 seconds.
  path: Assets/Prefabs/Firetrap.prefab
  artifactKey: Guid(b995e97281b55ff4a9527a1632465ea4) Importer(815301076,1909f56bfc062723c751e8b465ee728b)
Start importing Assets/Prefabs/Firetrap.prefab using Guid(b995e97281b55ff4a9527a1632465ea4) Importer(815301076,1909f56bfc062723c751e8b465ee728b)  -> (artifact id: 'cb8265808befc81d29b45248e5abd22e') in 0.015428 seconds 
========================================================================
Received Import Request.
  Time since last request: 8.324884 seconds.
  path: Assets/Prefabs/Firetrap.prefab
  artifactKey: Guid(b995e97281b55ff4a9527a1632465ea4) Importer(815301076,1909f56bfc062723c751e8b465ee728b)
Start importing Assets/Prefabs/Firetrap.prefab using Guid(b995e97281b55ff4a9527a1632465ea4) Importer(815301076,1909f56bfc062723c751e8b465ee728b)  -> (artifact id: 'ad6459975f64d93a8daeb9dfb81d4aef') in 0.010036 seconds 
========================================================================
Received Import Request.
  Time since last request: 5.613528 seconds.
  path: Assets/Prefabs/Firetrap.prefab
  artifactKey: Guid(b995e97281b55ff4a9527a1632465ea4) Importer(815301076,1909f56bfc062723c751e8b465ee728b)
Start importing Assets/Prefabs/Firetrap.prefab using Guid(b995e97281b55ff4a9527a1632465ea4) Importer(815301076,1909f56bfc062723c751e8b465ee728b)  -> (artifact id: '63b03486283d4ca363824c617613d1cd') in 0.009447 seconds 
========================================================================
Received Import Request.
  Time since last request: 25.799029 seconds.
  path: Assets/Prefabs/Firetrap.prefab
  artifactKey: Guid(b995e97281b55ff4a9527a1632465ea4) Importer(815301076,1909f56bfc062723c751e8b465ee728b)
Start importing Assets/Prefabs/Firetrap.prefab using Guid(b995e97281b55ff4a9527a1632465ea4) Importer(815301076,1909f56bfc062723c751e8b465ee728b)  -> (artifact id: 'd7f0a4fcb2d98435a6e0e21d3942c6e4') in 0.008808 seconds 
