Using pre-set license
Built from '2021.3/staging' branch; Version is '2021.3.5f1 (40eb3a945986) revision 4254522'; Using compiler version '192829333'; Build Type 'Release'
OS: 'Windows 10  (10.0.19044) 64bit Professional' Language: 'en' Physical Memory: 32709 MB
BatchMode: 1, IsHumanControllingUs: 0, StartBugReporterOnCrash: 0, Is64bit: 1, IsPro: 1

COMMAND LINE ARGUMENTS:
C:\Program Files\Unity\2021.3.5f1\Editor\Unity.exe
-adb2
-batchMode
-noUpm
-name
AssetImportWorker0
-projectPath
C:/Users/Maintenance/Documents/College work/4715C/teamproject1/SLB
-logFile
Logs/AssetImportWorker0.log
-srvPort
56836
Successfully changed project path to: C:/Users/Maintenance/Documents/College work/4715C/teamproject1/SLB
C:/Users/Maintenance/Documents/College work/4715C/teamproject1/SLB
[UnityMemory] Configuration Parameters - Can be set up in boot.config
    "memorysetup-bucket-allocator-granularity=16"
    "memorysetup-bucket-allocator-bucket-count=8"
    "memorysetup-bucket-allocator-block-size=33554432"
    "memorysetup-bucket-allocator-block-count=8"
    "memorysetup-main-allocator-block-size=16777216"
    "memorysetup-thread-allocator-block-size=16777216"
    "memorysetup-gfx-main-allocator-block-size=16777216"
    "memorysetup-gfx-thread-allocator-block-size=16777216"
    "memorysetup-cache-allocator-block-size=4194304"
    "memorysetup-typetree-allocator-block-size=2097152"
    "memorysetup-profiler-bucket-allocator-granularity=16"
    "memorysetup-profiler-bucket-allocator-bucket-count=8"
    "memorysetup-profiler-bucket-allocator-block-size=33554432"
    "memorysetup-profiler-bucket-allocator-block-count=8"
    "memorysetup-profiler-allocator-block-size=16777216"
    "memorysetup-profiler-editor-allocator-block-size=1048576"
    "memorysetup-temp-allocator-size-main=16777216"
    "memorysetup-job-temp-allocator-block-size=2097152"
    "memorysetup-job-temp-allocator-block-size-background=1048576"
    "memorysetup-job-temp-allocator-reduction-small-platforms=262144"
    "memorysetup-temp-allocator-size-background-worker=32768"
    "memorysetup-temp-allocator-size-job-worker=262144"
    "memorysetup-temp-allocator-size-preload-manager=33554432"
    "memorysetup-temp-allocator-size-nav-mesh-worker=65536"
    "memorysetup-temp-allocator-size-audio-worker=65536"
    "memorysetup-temp-allocator-size-cloud-worker=32768"
    "memorysetup-temp-allocator-size-gi-baking-worker=262144"
    "memorysetup-temp-allocator-size-gfx=262144"
Unable to join player connection multicast group.
Refreshing native plugins compatible for Editor in 126.18 ms, found 4 plugins.
Preloading 0 native plugins for Editor in 0.00 ms.
Initialize engine version: 2021.3.5f1 (40eb3a945986)
[Subsystems] Discovering subsystems at path C:/Program Files/Unity/2021.3.5f1/Editor/Data/Resources/UnitySubsystems
[Subsystems] Discovering subsystems at path C:/Users/Maintenance/Documents/College work/4715C/teamproject1/SLB/Assets
GfxDevice: creating device client; threaded=0; jobified=0
Direct3D:
    Version:  Direct3D 11.0 [level 11.1]
    Renderer: NVIDIA GeForce GTX 1080 (ID=0x1b80)
    Vendor:   NVIDIA
    VRAM:     8079 MB
    Driver:   31.0.15.1694
Initialize mono
Mono path[0] = 'C:/Program Files/Unity/2021.3.5f1/Editor/Data/Managed'
Mono path[1] = 'C:/Program Files/Unity/2021.3.5f1/Editor/Data/MonoBleedingEdge/lib/mono/unityjit-win32'
Mono config path = 'C:/Program Files/Unity/2021.3.5f1/Editor/Data/MonoBleedingEdge/etc'
Using monoOptions --debugger-agent=transport=dt_socket,embedding=1,server=y,suspend=n,address=127.0.0.1:56456
Begin MonoManager ReloadAssembly
Registering precompiled unity dll's ...
Register platform support module: C:/Program Files/Unity/2021.3.5f1/Editor/Data/PlaybackEngines/WebGLSupport/UnityEditor.WebGL.Extensions.dll
Register platform support module: C:/Program Files/Unity/2021.3.5f1/Editor/Data/PlaybackEngines/MacStandaloneSupport/UnityEditor.OSXStandalone.Extensions.dll
Register platform support module: C:/Program Files/Unity/2021.3.5f1/Editor/Data/PlaybackEngines/AndroidPlayer/UnityEditor.Android.Extensions.dll
Register platform support module: C:/Program Files/Unity/2021.3.5f1/Editor/Data/PlaybackEngines/iOSSupport/UnityEditor.iOS.Extensions.dll
Register platform support module: C:/Program Files/Unity/2021.3.5f1/Editor/Data/PlaybackEngines/WindowsStandaloneSupport/UnityEditor.WindowsStandalone.Extensions.dll
Register platform support module: C:/Program Files/Unity/2021.3.5f1/Editor/Data/PlaybackEngines/LinuxStandaloneSupport/UnityEditor.LinuxStandalone.Extensions.dll
Register platform support module: C:/Program Files/Unity/2021.3.5f1/Editor/Data/PlaybackEngines/MetroSupport/UnityEditor.UWP.Extensions.dll
Registered in 0.017286 seconds.
Native extension for UWP target not found
Native extension for LinuxStandalone target not found
Native extension for WindowsStandalone target not found
[usbmuxd] Start listen thread
[usbmuxd] Listen thread started
Native extension for iOS target not found
Native extension for Android target not found
Native extension for OSXStandalone target not found
Native extension for WebGL target not found
Refreshing native plugins compatible for Editor in 102.42 ms, found 4 plugins.
Preloading 0 native plugins for Editor in 0.00 ms.
Mono: successfully reloaded assembly
- Completed reload, in  0.817 seconds
Domain Reload Profiling:
	ReloadAssembly (817ms)
		BeginReloadAssembly (82ms)
			ExecutionOrderSort (0ms)
			DisableScriptedObjects (0ms)
			BackupInstance (0ms)
			ReleaseScriptingObjects (0ms)
			CreateAndSetChildDomain (1ms)
		EndReloadAssembly (603ms)
			LoadAssemblies (81ms)
			RebuildTransferFunctionScriptingTraits (0ms)
			SetupTypeCache (139ms)
			ReleaseScriptCaches (0ms)
			RebuildScriptCaches (54ms)
			SetupLoadedEditorAssemblies (352ms)
				LogAssemblyErrors (0ms)
				InitializePlatformSupportModulesInManaged (84ms)
				SetLoadedEditorAssemblies (3ms)
				RefreshPlugins (102ms)
				BeforeProcessingInitializeOnLoad (1ms)
				ProcessInitializeOnLoadAttributes (107ms)
				ProcessInitializeOnLoadMethodAttributes (54ms)
				AfterProcessingInitializeOnLoad (0ms)
				EditorAssembliesLoaded (0ms)
			ExecutionOrderSort2 (0ms)
			AwakeInstancesAfterBackupRestoration (0ms)
Platform modules already initialized, skipping
Registering precompiled user dll's ...
Registered in 0.013222 seconds.
Begin MonoManager ReloadAssembly
Symbol file LoadedFromMemory doesn't match image C:\Users\Maintenance\Documents\College work\4715C\teamproject1\SLB\Library\PackageCache\com.unity.visualscripting@1.7.8\Editor\VisualScripting.Core\Dependencies\YamlDotNet\Unity.VisualScripting.YamlDotNet.dll
Symbol file LoadedFromMemory doesn't match image C:\Users\Maintenance\Documents\College work\4715C\teamproject1\SLB\Library\PackageCache\com.unity.visualscripting@1.7.8\Editor\VisualScripting.Core\Dependencies\DotNetZip\Unity.VisualScripting.IonicZip.dll
Native extension for UWP target not found
Native extension for LinuxStandalone target not found
Native extension for WindowsStandalone target not found
Native extension for iOS target not found
Native extension for Android target not found
Native extension for OSXStandalone target not found
Native extension for WebGL target not found
Refreshing native plugins compatible for Editor in 104.22 ms, found 4 plugins.
Preloading 0 native plugins for Editor in 0.00 ms.
Mono: successfully reloaded assembly
- Completed reload, in  1.484 seconds
Domain Reload Profiling:
	ReloadAssembly (1485ms)
		BeginReloadAssembly (243ms)
			ExecutionOrderSort (0ms)
			DisableScriptedObjects (9ms)
			BackupInstance (0ms)
			ReleaseScriptingObjects (0ms)
			CreateAndSetChildDomain (128ms)
		EndReloadAssembly (1099ms)
			LoadAssemblies (106ms)
			RebuildTransferFunctionScriptingTraits (0ms)
			SetupTypeCache (295ms)
			ReleaseScriptCaches (1ms)
			RebuildScriptCaches (59ms)
			SetupLoadedEditorAssemblies (589ms)
				LogAssemblyErrors (0ms)
				InitializePlatformSupportModulesInManaged (35ms)
				SetLoadedEditorAssemblies (0ms)
				RefreshPlugins (104ms)
				BeforeProcessingInitializeOnLoad (122ms)
				ProcessInitializeOnLoadAttributes (272ms)
				ProcessInitializeOnLoadMethodAttributes (46ms)
				AfterProcessingInitializeOnLoad (8ms)
				EditorAssembliesLoaded (0ms)
			ExecutionOrderSort2 (0ms)
			AwakeInstancesAfterBackupRestoration (7ms)
Platform modules already initialized, skipping
========================================================================
Worker process is ready to serve import requests
Launched and connected shader compiler UnityShaderCompiler.exe after 0.05 seconds
Refreshing native plugins compatible for Editor in 0.75 ms, found 4 plugins.
Preloading 0 native plugins for Editor in 0.00 ms.
Unloading 4086 Unused Serialized files (Serialized files now loaded: 0)
Unloading 44 unused Assets / (222.6 KB). Loaded Objects now: 4539.
Memory consumption went from 153.9 MB to 153.7 MB.
Total: 3.677800 ms (FindLiveObjects: 0.375100 ms CreateObjectMapping: 0.306900 ms MarkObjects: 2.825200 ms  DeleteObjects: 0.169000 ms)

AssetImportParameters requested are different than current active one (requested -> active):
  custom:video-decoder-ogg-theora: a1e56fd34408186e4bbccfd4996cb3dc -> 
  custom:container-muxer-webm: aa71ff27fc2769a1b78a27578f13a17b -> 
  custom:container-demuxer-webm: 4f35f7cbe854078d1ac9338744f61a02 -> 
  custom:video-encoder-webm-vp8: eb34c28f22e8b96e1ab97ce403110664 -> 
  custom:audio-encoder-webm-vorbis: bf7c407c2cedff20999df2af8eb42d56 -> 
  custom:framework-win-MediaFoundation: 216162199b28c13a410421893ffa2e32 -> 
  custom:container-demuxer-ogg: 62fdf1f143b41e24485cea50d1cbac27 -> 
  custom:video-decoder-webm-vp8: 9c59270c3fd7afecdb556c50c9e8de78 -> 
  custom:audio-decoder-ogg-vorbis: bf7c407c2cedff20999df2af8eb42d56 -> 
========================================================================
Received Import Request.
  Time since last request: 2463361.008982 seconds.
  path: Assets/TextMesh Pro/Resources/Fonts & Materials/LiberationSans SDF.asset
  artifactKey: Guid(8f586378b4e144a9851e7b34d9b748ee) Importer(815301076,1909f56bfc062723c751e8b465ee728b)
Start importing Assets/TextMesh Pro/Resources/Fonts & Materials/LiberationSans SDF.asset using Guid(8f586378b4e144a9851e7b34d9b748ee) Importer(815301076,1909f56bfc062723c751e8b465ee728b)  -> (artifact id: '9d1d7d52734c2258290411c431f9691f') in 0.195604 seconds 
========================================================================
Received Import Request.
  Time since last request: 22.607670 seconds.
  path: Assets/Pixel Font - Tripfive
  artifactKey: Guid(870e772321bfa8d43bb13e97f0f0a892) Importer(815301076,1909f56bfc062723c751e8b465ee728b)
Start importing Assets/Pixel Font - Tripfive using Guid(870e772321bfa8d43bb13e97f0f0a892) Importer(815301076,1909f56bfc062723c751e8b465ee728b)  -> (artifact id: 'b9cf917e4a1e1ecca52a51c28e317f6e') in 0.007421 seconds 
========================================================================
Received Import Request.
  Time since last request: 0.055802 seconds.
  path: Assets/Pixel Font - Tripfive/Sample Textmesh.prefab
  artifactKey: Guid(92d60a2e17d9a4bb8bd3801b14fc2926) Importer(815301076,1909f56bfc062723c751e8b465ee728b)
Start importing Assets/Pixel Font - Tripfive/Sample Textmesh.prefab using Guid(92d60a2e17d9a4bb8bd3801b14fc2926) Importer(815301076,1909f56bfc062723c751e8b465ee728b)  -> (artifact id: '503c848d854586a877b99512f9e953bd') in 0.015815 seconds 
========================================================================
Received Import Request.
  Time since last request: 2.145660 seconds.
  path: Assets/Pixel Font - Tripfive/_README.txt
  artifactKey: Guid(d6c1545eeaccd4df49042a0f57ac774c) Importer(815301076,1909f56bfc062723c751e8b465ee728b)
Start importing Assets/Pixel Font - Tripfive/_README.txt using Guid(d6c1545eeaccd4df49042a0f57ac774c) Importer(815301076,1909f56bfc062723c751e8b465ee728b)  -> (artifact id: 'c34e1b5adec174964bd6b3edd2c776af') in 0.015894 seconds 
========================================================================
Received Import Request.
  Time since last request: 92.562152 seconds.
  path: Assets/TextMesh Pro/Fonts/LiberationSans.ttf
  artifactKey: Guid(e3265ab4bf004d28a9537516768c1c75) Importer(815301076,1909f56bfc062723c751e8b465ee728b)
Start importing Assets/TextMesh Pro/Fonts/LiberationSans.ttf using Guid(e3265ab4bf004d28a9537516768c1c75) Importer(815301076,1909f56bfc062723c751e8b465ee728b)  -> (artifact id: '86e85d55384b22641579099d0f1ce7e8') in 0.038377 seconds 
========================================================================
Received Import Request.
  Time since last request: 0.000027 seconds.
  path: Assets/Pixel Font - Tripfive/Fonts/Tripfive-EX.fontsettings
  artifactKey: Guid(1c10051538e484e849e45b324b9b334b) Importer(815301076,1909f56bfc062723c751e8b465ee728b)
Start importing Assets/Pixel Font - Tripfive/Fonts/Tripfive-EX.fontsettings using Guid(1c10051538e484e849e45b324b9b334b) Importer(815301076,1909f56bfc062723c751e8b465ee728b)  -> (artifact id: '7959985bb0b458773a7c16973e14a5ed') in 0.010977 seconds 
========================================================================
Received Import Request.
  Time since last request: 62.602450 seconds.
  path: Assets/Scenes/Mainmenu.unity
  artifactKey: Guid(b2f1b9d77f1a16c4db3f1f550fceae94) Importer(815301076,1909f56bfc062723c751e8b465ee728b)
Start importing Assets/Scenes/Mainmenu.unity using Guid(b2f1b9d77f1a16c4db3f1f550fceae94) Importer(815301076,1909f56bfc062723c751e8b465ee728b)  -> (artifact id: 'b0bdd750be4619a9d1eb91e7a7495ef5') in 0.012569 seconds 
========================================================================
Received Import Request.
  Time since last request: 46.927246 seconds.
  path: Assets/Scenes/AndrewWSDONOTOPEN.unity
  artifactKey: Guid(0b46a2aae14df1e4f832dd9a0d0191bd) Importer(815301076,1909f56bfc062723c751e8b465ee728b)
Start importing Assets/Scenes/AndrewWSDONOTOPEN.unity using Guid(0b46a2aae14df1e4f832dd9a0d0191bd) Importer(815301076,1909f56bfc062723c751e8b465ee728b)  -> (artifact id: '72041a69cc43e69fff6c4228fba0758a') in 0.008294 seconds 
========================================================================
Received Import Request.
  Time since last request: 17.131793 seconds.
  path: Assets/Scenes/SampleScene.unity
  artifactKey: Guid(2cda990e2423bbf4892e6590ba056729) Importer(815301076,1909f56bfc062723c751e8b465ee728b)
Start importing Assets/Scenes/SampleScene.unity using Guid(2cda990e2423bbf4892e6590ba056729) Importer(815301076,1909f56bfc062723c751e8b465ee728b)  -> (artifact id: '2020b44cdb6131ec482a8063e2989165') in 0.009014 seconds 
========================================================================
Received Import Request.
  Time since last request: 4.389519 seconds.
  path: Assets/Scenes/Mainmenu.unity
  artifactKey: Guid(b2f1b9d77f1a16c4db3f1f550fceae94) Importer(815301076,1909f56bfc062723c751e8b465ee728b)
Start importing Assets/Scenes/Mainmenu.unity using Guid(b2f1b9d77f1a16c4db3f1f550fceae94) Importer(815301076,1909f56bfc062723c751e8b465ee728b)  -> (artifact id: '9243cf747b5d3f137d34ef5ead1fd069') in 0.002853 seconds 
========================================================================
Received Import Request.
  Time since last request: 121.160675 seconds.
  path: Assets/Pixel Font - Tripfive/Textures & Materials
  artifactKey: Guid(9408d24ccd4c0a04e837856bfca88a86) Importer(815301076,1909f56bfc062723c751e8b465ee728b)
Start importing Assets/Pixel Font - Tripfive/Textures & Materials using Guid(9408d24ccd4c0a04e837856bfca88a86) Importer(815301076,1909f56bfc062723c751e8b465ee728b)  -> (artifact id: '53dc67c0b818fe7b8405dbc02f8c2407') in 0.010219 seconds 
========================================================================
Received Import Request.
  Time since last request: 0.066327 seconds.
  path: Assets/Pixel Font - Tripfive/Textures & Materials/Tripfive-EX.mat
  artifactKey: Guid(df856cdb9110140419b5d535c1a57636) Importer(815301076,1909f56bfc062723c751e8b465ee728b)
Start importing Assets/Pixel Font - Tripfive/Textures & Materials/Tripfive-EX.mat using Guid(df856cdb9110140419b5d535c1a57636) Importer(815301076,1909f56bfc062723c751e8b465ee728b)  -> (artifact id: 'c3fbcdc5cf1cf09477d4daa0a3fe231d') in 0.022787 seconds 
========================================================================
Received Import Request.
  Time since last request: 0.000022 seconds.
  path: Assets/Pixel Font - Tripfive/Textures & Materials/Tripfive-OL.png
  artifactKey: Guid(7f4dc74417f0147a5804b21c72feb54c) Importer(815301076,1909f56bfc062723c751e8b465ee728b)
Start importing Assets/Pixel Font - Tripfive/Textures & Materials/Tripfive-OL.png using Guid(7f4dc74417f0147a5804b21c72feb54c) Importer(815301076,1909f56bfc062723c751e8b465ee728b)  -> (artifact id: '393a3b80527d066c6adf2a09cdbf3691') in 0.030401 seconds 
========================================================================
Received Import Request.
  Time since last request: 0.000027 seconds.
  path: Assets/Pixel Font - Tripfive/Textures & Materials/Tripfive-HS.mat
  artifactKey: Guid(a8a2064660ecc42fab77221fa24060bd) Importer(815301076,1909f56bfc062723c751e8b465ee728b)
Start importing Assets/Pixel Font - Tripfive/Textures & Materials/Tripfive-HS.mat using Guid(a8a2064660ecc42fab77221fa24060bd) Importer(815301076,1909f56bfc062723c751e8b465ee728b)  -> (artifact id: '2aaf259442be8f8f853ef1612ec4114c') in 0.013340 seconds 
========================================================================
Received Import Request.
  Time since last request: 0.000029 seconds.
  path: Assets/Pixel Font - Tripfive/Textures & Materials/Tripfive.png
  artifactKey: Guid(39422f6e3935840dcad79a6988ba0993) Importer(815301076,1909f56bfc062723c751e8b465ee728b)
Start importing Assets/Pixel Font - Tripfive/Textures & Materials/Tripfive.png using Guid(39422f6e3935840dcad79a6988ba0993) Importer(815301076,1909f56bfc062723c751e8b465ee728b)  -> (artifact id: 'c0e1b207200f7c9ed860af43c2124b1c') in 0.020560 seconds 
========================================================================
Received Import Request.
  Time since last request: 2.757121 seconds.
  path: Assets/Pixel Font - Tripfive/Fonts
  artifactKey: Guid(7a9e2b9a8d7c549d3a46ef8f66cf8c10) Importer(815301076,1909f56bfc062723c751e8b465ee728b)
Start importing Assets/Pixel Font - Tripfive/Fonts using Guid(7a9e2b9a8d7c549d3a46ef8f66cf8c10) Importer(815301076,1909f56bfc062723c751e8b465ee728b)  -> (artifact id: 'beddf8bb36876079a02dcb01ce2824e6') in 0.008411 seconds 
========================================================================
Received Import Request.
  Time since last request: 104.612369 seconds.
  path: Assets/TextMesh Pro
  artifactKey: Guid(f54d1bd14bd3ca042bd867b519fee8cc) Importer(815301076,1909f56bfc062723c751e8b465ee728b)
Start importing Assets/TextMesh Pro using Guid(f54d1bd14bd3ca042bd867b519fee8cc) Importer(815301076,1909f56bfc062723c751e8b465ee728b)  -> (artifact id: '6d457b26d2bc8024e58729449d46e968') in 0.009358 seconds 
========================================================================
Received Import Request.
  Time since last request: 118.683148 seconds.
  path: Assets/Scripts/Behaviors/Timer.cs
  artifactKey: Guid(b24c4bb9b651810409e66cbae6af8822) Importer(815301076,1909f56bfc062723c751e8b465ee728b)
Start importing Assets/Scripts/Behaviors/Timer.cs using Guid(b24c4bb9b651810409e66cbae6af8822) Importer(815301076,1909f56bfc062723c751e8b465ee728b)  -> (artifact id: '6602b908b029a26391938ea02f1a7fda') in 0.013487 seconds 
